Time: 2018/12/5 11:07:20

2018-12-05 11:07:20开始同步前一天的制动状态数据

*****************************************************************
Time: 2018/12/5 11:07:20

2018-12-05 11:07:20开始修改GPS表中的地址信息，根据GPS修改

*****************************************************************
Time: 2018/12/5 11:07:20

2018-12-05 11:07:20开始执行GPS计算里程开始

*****************************************************************
Time: 2018/12/5 11:07:20

2018-12-05 11:07:20开始处理昨天的设备运行时间基础数据

*****************************************************************
Time: 2018/12/5 11:07:23

2018-12-05 11:07:23处理昨天的设备运行时间基础数据结束

*****************************************************************
Time: 2018/12/5 11:07:23

2018-12-05 11:07:23开始同步昨天的设备运行总时间与设备运行里程

*****************************************************************
Time: 2018/12/5 11:07:24

2018-12-05 11:07:24同步前一天的制动状态数据结束

*****************************************************************
Time: 2018/12/5 11:07:25

2018-12-05 11:07:25同步昨天的设备运行总时间与设备运行里程结束

*****************************************************************
Time: 2018/12/5 11:07:26

2018-12-05 11:07:26执行GPS计算里程结束

*****************************************************************
Time: 2018/12/5 11:13:26

2018-12-05 11:13:26开始执行GPS计算里程开始

*****************************************************************
Time: 2018/12/5 11:13:29

2018-12-05 11:13:29执行GPS计算里程结束

*****************************************************************
Time: 2018/12/5 11:19:29

2018-12-05 11:19:29开始执行GPS计算里程开始

*****************************************************************
Time: 2018/12/5 11:19:32

2018-12-05 11:19:32执行GPS计算里程结束

*****************************************************************
Time: 2018/12/5 11:25:32

2018-12-05 11:25:32开始执行GPS计算里程开始

*****************************************************************
Time: 2018/12/5 11:25:35

2018-12-05 11:25:35执行GPS计算里程结束

*****************************************************************
Time: 2018/12/5 11:31:35

2018-12-05 11:31:35开始执行GPS计算里程开始

*****************************************************************
Time: 2018/12/5 11:31:38

2018-12-05 11:31:38执行GPS计算里程结束

*****************************************************************
Time: 2018/12/5 11:37:38

2018-12-05 11:37:38开始执行GPS计算里程开始

*****************************************************************
Time: 2018/12/5 11:37:41

2018-12-05 11:37:41执行GPS计算里程结束

*****************************************************************
Time: 2018/12/5 11:43:41

2018-12-05 11:43:41开始执行GPS计算里程开始

*****************************************************************
Time: 2018/12/5 11:43:44

2018-12-05 11:43:44执行GPS计算里程结束

*****************************************************************
Time: 2018/12/5 11:49:44

2018-12-05 11:49:44开始执行GPS计算里程开始

*****************************************************************
Time: 2018/12/5 11:49:47

2018-12-05 11:49:47执行GPS计算里程结束

*****************************************************************
Time: 2018/12/5 11:55:47

2018-12-05 11:55:47开始执行GPS计算里程开始

*****************************************************************
Time: 2018/12/5 11:55:50

2018-12-05 11:55:50执行GPS计算里程结束

*****************************************************************
Time: 2018/12/5 12:01:50

2018-12-05 12:01:50开始执行GPS计算里程开始

*****************************************************************
Time: 2018/12/5 12:01:53

2018-12-05 12:01:53执行GPS计算里程结束

*****************************************************************
Time: 2018/12/5 12:07:53

2018-12-05 12:07:53开始执行GPS计算里程开始

*****************************************************************
Time: 2018/12/5 12:07:56

2018-12-05 12:07:56执行GPS计算里程结束

*****************************************************************
Time: 2018/12/5 12:13:56

2018-12-05 12:13:56开始执行GPS计算里程开始

*****************************************************************
Time: 2018/12/5 12:13:59

2018-12-05 12:13:59执行GPS计算里程结束

*****************************************************************
Time: 2018/12/5 12:19:59

2018-12-05 12:19:59开始执行GPS计算里程开始

*****************************************************************
Time: 2018/12/5 12:20:02

2018-12-05 12:20:02执行GPS计算里程结束

*****************************************************************
Time: 2018/12/5 12:26:02

2018-12-05 12:26:02开始执行GPS计算里程开始

*****************************************************************
Time: 2018/12/5 12:26:05

2018-12-05 12:26:05执行GPS计算里程结束

*****************************************************************
Time: 2018/12/5 12:32:05

2018-12-05 12:32:05开始执行GPS计算里程开始

*****************************************************************
Time: 2018/12/5 12:32:08

2018-12-05 12:32:08执行GPS计算里程结束

*****************************************************************
Time: 2018/12/5 12:38:08

2018-12-05 12:38:08开始执行GPS计算里程开始

*****************************************************************
Time: 2018/12/5 12:38:11

2018-12-05 12:38:11执行GPS计算里程结束

*****************************************************************
Time: 2018/12/5 12:44:11

2018-12-05 12:44:11开始执行GPS计算里程开始

*****************************************************************
Time: 2018/12/5 12:44:14

2018-12-05 12:44:14执行GPS计算里程结束

*****************************************************************
Time: 2018/12/5 12:50:14

2018-12-05 12:50:14开始执行GPS计算里程开始

*****************************************************************
Time: 2018/12/5 12:50:17

2018-12-05 12:50:17执行GPS计算里程结束

*****************************************************************
Time: 2018/12/5 12:56:17

2018-12-05 12:56:17开始执行GPS计算里程开始

*****************************************************************
Time: 2018/12/5 12:56:20

2018-12-05 12:56:20执行GPS计算里程结束

*****************************************************************
Time: 2018/12/5 13:02:20

2018-12-05 13:02:20开始执行GPS计算里程开始

*****************************************************************
Time: 2018/12/5 13:02:23

2018-12-05 13:02:23执行GPS计算里程结束

*****************************************************************
Time: 2018/12/5 13:08:23

2018-12-05 13:08:23开始执行GPS计算里程开始

*****************************************************************
Time: 2018/12/5 13:08:26

2018-12-05 13:08:26执行GPS计算里程结束

*****************************************************************
Time: 2018/12/5 13:14:26

2018-12-05 13:14:26开始执行GPS计算里程开始

*****************************************************************
Time: 2018/12/5 13:14:28

2018-12-05 13:14:28执行GPS计算里程结束

*****************************************************************
Time: 2018/12/5 13:20:28

2018-12-05 13:20:28开始执行GPS计算里程开始

*****************************************************************
Time: 2018/12/5 13:20:32

2018-12-05 13:20:32执行GPS计算里程结束

*****************************************************************
Time: 2018/12/5 13:26:32

2018-12-05 13:26:32开始执行GPS计算里程开始

*****************************************************************
Time: 2018/12/5 13:26:34

2018-12-05 13:26:34执行GPS计算里程结束

*****************************************************************
Time: 2018/12/5 13:32:34

2018-12-05 13:32:34开始执行GPS计算里程开始

*****************************************************************
Time: 2018/12/5 13:32:37

2018-12-05 13:32:37执行GPS计算里程结束

*****************************************************************
Time: 2018/12/5 13:38:37

2018-12-05 13:38:37开始执行GPS计算里程开始

*****************************************************************
Time: 2018/12/5 13:38:40

2018-12-05 13:38:40执行GPS计算里程结束

*****************************************************************
Time: 2018/12/5 13:44:40

2018-12-05 13:44:40开始执行GPS计算里程开始

*****************************************************************
Time: 2018/12/5 13:44:43

2018-12-05 13:44:43执行GPS计算里程结束

*****************************************************************
Time: 2018/12/5 13:50:43

2018-12-05 13:50:43开始执行GPS计算里程开始

*****************************************************************
Time: 2018/12/5 13:50:46

2018-12-05 13:50:46执行GPS计算里程结束

*****************************************************************
Time: 2018/12/5 13:53:51

2018-12-05 13:53:51修改GPS表中的地址信息，根据GPS修改结束

*****************************************************************
Time: 2018/12/5 13:56:46

2018-12-05 13:56:46开始执行GPS计算里程开始

*****************************************************************
Time: 2018/12/5 13:56:49

2018-12-05 13:56:49执行GPS计算里程结束

*****************************************************************
Time: 2018/12/5 13:59:51

2018-12-05 13:59:51开始修改GPS表中的地址信息，根据GPS修改

*****************************************************************
Time: 2018/12/5 13:59:52

2018-12-05 13:59:52修改GPS表中的地址信息，根据GPS修改结束

*****************************************************************
Time: 2018/12/5 14:02:49

2018-12-05 14:02:49开始执行GPS计算里程开始

*****************************************************************
Time: 2018/12/5 14:02:52

2018-12-05 14:02:52执行GPS计算里程结束

*****************************************************************
Time: 2018/12/5 14:05:52

2018-12-05 14:05:52开始修改GPS表中的地址信息，根据GPS修改

*****************************************************************
Time: 2018/12/5 14:05:54

2018-12-05 14:05:54修改GPS表中的地址信息，根据GPS修改结束

*****************************************************************
Time: 2018/12/5 14:08:52

2018-12-05 14:08:52开始执行GPS计算里程开始

*****************************************************************
Time: 2018/12/5 14:08:55

2018-12-05 14:08:55执行GPS计算里程结束

*****************************************************************
Time: 2018/12/5 14:11:54

2018-12-05 14:11:54开始修改GPS表中的地址信息，根据GPS修改

*****************************************************************
Time: 2018/12/5 14:11:56

2018-12-05 14:11:56修改GPS表中的地址信息，根据GPS修改结束

*****************************************************************
Time: 2018/12/5 14:14:56

2018-12-05 14:14:55开始执行GPS计算里程开始

*****************************************************************
Time: 2018/12/5 14:14:58

2018-12-05 14:14:58执行GPS计算里程结束

*****************************************************************
Time: 2018/12/5 14:17:56

2018-12-05 14:17:56开始修改GPS表中的地址信息，根据GPS修改

*****************************************************************
Time: 2018/12/5 14:17:57

2018-12-05 14:17:57修改GPS表中的地址信息，根据GPS修改结束

*****************************************************************
Time: 2018/12/5 14:20:58

2018-12-05 14:20:58开始执行GPS计算里程开始

*****************************************************************
Time: 2018/12/5 14:21:01

2018-12-05 14:21:01执行GPS计算里程结束

*****************************************************************
Time: 2018/12/5 14:23:57

2018-12-05 14:23:57开始修改GPS表中的地址信息，根据GPS修改

*****************************************************************
Time: 2018/12/5 14:23:59

2018-12-05 14:23:59修改GPS表中的地址信息，根据GPS修改结束

*****************************************************************
Time: 2018/12/5 14:27:01

2018-12-05 14:27:01开始执行GPS计算里程开始

*****************************************************************
Time: 2018/12/5 14:27:04

2018-12-05 14:27:04执行GPS计算里程结束

*****************************************************************
Time: 2018/12/5 14:29:59

2018-12-05 14:29:59开始修改GPS表中的地址信息，根据GPS修改

*****************************************************************
Time: 2018/12/5 14:30:00

2018-12-05 14:30:00修改GPS表中的地址信息，根据GPS修改结束

*****************************************************************
Time: 2018/12/5 14:33:04

2018-12-05 14:33:04开始执行GPS计算里程开始

*****************************************************************
Time: 2018/12/5 14:33:07

2018-12-05 14:33:07执行GPS计算里程结束

*****************************************************************
Time: 2018/12/5 14:36:00

2018-12-05 14:36:00开始修改GPS表中的地址信息，根据GPS修改

*****************************************************************
Time: 2018/12/5 14:36:02

2018-12-05 14:36:02修改GPS表中的地址信息，根据GPS修改结束

*****************************************************************
Time: 2018/12/5 14:39:07

2018-12-05 14:39:07开始执行GPS计算里程开始

*****************************************************************
Time: 2018/12/5 14:39:10

2018-12-05 14:39:10执行GPS计算里程结束

*****************************************************************
Time: 2018/12/5 14:42:02

2018-12-05 14:42:02开始修改GPS表中的地址信息，根据GPS修改

*****************************************************************
Time: 2018/12/5 14:42:03

2018-12-05 14:42:03修改GPS表中的地址信息，根据GPS修改结束

*****************************************************************
Time: 2018/12/5 14:45:10

2018-12-05 14:45:10开始执行GPS计算里程开始

*****************************************************************
Time: 2018/12/5 14:45:13

2018-12-05 14:45:13执行GPS计算里程结束

*****************************************************************
Time: 2018/12/5 14:48:03

2018-12-05 14:48:03开始修改GPS表中的地址信息，根据GPS修改

*****************************************************************
Time: 2018/12/5 14:48:05

2018-12-05 14:48:05修改GPS表中的地址信息，根据GPS修改结束

*****************************************************************
Time: 2018/12/5 14:51:13

2018-12-05 14:51:13开始执行GPS计算里程开始

*****************************************************************
Time: 2018/12/5 14:51:16

2018-12-05 14:51:16执行GPS计算里程结束

*****************************************************************
Time: 2018/12/5 14:54:05

2018-12-05 14:54:05开始修改GPS表中的地址信息，根据GPS修改

*****************************************************************
Time: 2018/12/5 14:54:06

2018-12-05 14:54:06修改GPS表中的地址信息，根据GPS修改结束

*****************************************************************
Time: 2018/12/5 14:57:16

2018-12-05 14:57:16开始执行GPS计算里程开始

*****************************************************************
Time: 2018/12/5 14:57:19

2018-12-05 14:57:19执行GPS计算里程结束

*****************************************************************
Time: 2018/12/5 15:00:06

2018-12-05 15:00:06开始修改GPS表中的地址信息，根据GPS修改

*****************************************************************
Time: 2018/12/5 15:00:08

2018-12-05 15:00:08修改GPS表中的地址信息，根据GPS修改结束

*****************************************************************
Time: 2018/12/5 15:03:19

2018-12-05 15:03:19开始执行GPS计算里程开始

*****************************************************************
Time: 2018/12/5 15:03:22

2018-12-05 15:03:22执行GPS计算里程结束

*****************************************************************
Time: 2018/12/5 15:06:08

2018-12-05 15:06:08开始修改GPS表中的地址信息，根据GPS修改

*****************************************************************
Time: 2018/12/5 15:06:09

2018-12-05 15:06:09修改GPS表中的地址信息，根据GPS修改结束

*****************************************************************
Time: 2018/12/5 15:09:22

2018-12-05 15:09:22开始执行GPS计算里程开始

*****************************************************************
Time: 2018/12/5 15:09:25

2018-12-05 15:09:25执行GPS计算里程结束

*****************************************************************
Time: 2018/12/5 15:12:09

2018-12-05 15:12:09开始修改GPS表中的地址信息，根据GPS修改

*****************************************************************
Time: 2018/12/5 15:12:14

2018-12-05 15:12:14修改GPS表中的地址信息，根据GPS修改结束

*****************************************************************
Time: 2018/12/5 15:15:25

2018-12-05 15:15:25开始执行GPS计算里程开始

*****************************************************************
Time: 2018/12/5 15:15:28

2018-12-05 15:15:28执行GPS计算里程结束

*****************************************************************
Time: 2018/12/5 15:18:14

2018-12-05 15:18:14开始修改GPS表中的地址信息，根据GPS修改

*****************************************************************
Time: 2018/12/5 15:18:16

2018-12-05 15:18:16修改GPS表中的地址信息，根据GPS修改结束

*****************************************************************
Time: 2018/12/5 15:21:28

2018-12-05 15:21:28开始执行GPS计算里程开始

*****************************************************************
Time: 2018/12/5 15:21:31

2018-12-05 15:21:31执行GPS计算里程结束

*****************************************************************
Time: 2018/12/5 15:24:16

2018-12-05 15:24:16开始修改GPS表中的地址信息，根据GPS修改

*****************************************************************
Time: 2018/12/5 15:24:18

2018-12-05 15:24:18修改GPS表中的地址信息，根据GPS修改结束

*****************************************************************
Time: 2018/12/5 15:27:31

2018-12-05 15:27:31开始执行GPS计算里程开始

*****************************************************************
Time: 2018/12/5 15:27:35

2018-12-05 15:27:35执行GPS计算里程结束

*****************************************************************
Time: 2018/12/5 15:30:18

2018-12-05 15:30:18开始修改GPS表中的地址信息，根据GPS修改

*****************************************************************
Time: 2018/12/5 15:30:19

2018-12-05 15:30:19修改GPS表中的地址信息，根据GPS修改结束

*****************************************************************
Time: 2018/12/5 15:33:35

2018-12-05 15:33:35开始执行GPS计算里程开始

*****************************************************************
Time: 2018/12/5 15:33:38

2018-12-05 15:33:38执行GPS计算里程结束

*****************************************************************
Time: 2018/12/5 15:36:19

2018-12-05 15:36:19开始修改GPS表中的地址信息，根据GPS修改

*****************************************************************
Time: 2018/12/5 15:36:21

2018-12-05 15:36:21修改GPS表中的地址信息，根据GPS修改结束

*****************************************************************
Time: 2018/12/5 15:39:38

2018-12-05 15:39:38开始执行GPS计算里程开始

*****************************************************************
Time: 2018/12/5 15:39:41

2018-12-05 15:39:41执行GPS计算里程结束

*****************************************************************
Time: 2018/12/5 15:42:21

2018-12-05 15:42:21开始修改GPS表中的地址信息，根据GPS修改

*****************************************************************
Time: 2018/12/5 15:42:22

2018-12-05 15:42:22修改GPS表中的地址信息，根据GPS修改结束

*****************************************************************
Time: 2018/12/5 15:45:41

2018-12-05 15:45:41开始执行GPS计算里程开始

*****************************************************************
Time: 2018/12/5 15:45:44

2018-12-05 15:45:44执行GPS计算里程结束

*****************************************************************
Time: 2018/12/5 15:48:22

2018-12-05 15:48:22开始修改GPS表中的地址信息，根据GPS修改

*****************************************************************
Time: 2018/12/5 15:48:24

2018-12-05 15:48:24修改GPS表中的地址信息，根据GPS修改结束

*****************************************************************
Time: 2018/12/5 15:51:44

2018-12-05 15:51:44开始执行GPS计算里程开始

*****************************************************************
Time: 2018/12/5 15:51:47

2018-12-05 15:51:47执行GPS计算里程结束

*****************************************************************
Time: 2018/12/5 15:54:24

2018-12-05 15:54:24开始修改GPS表中的地址信息，根据GPS修改

*****************************************************************
Time: 2018/12/5 15:54:36

2018-12-05 15:54:36修改GPS表中的地址信息，根据GPS修改结束

*****************************************************************
Time: 2018/12/5 15:57:47

2018-12-05 15:57:47开始执行GPS计算里程开始

*****************************************************************
Time: 2018/12/5 15:57:50

2018-12-05 15:57:50执行GPS计算里程结束

*****************************************************************
Time: 2018/12/5 16:00:36

2018-12-05 16:00:36开始修改GPS表中的地址信息，根据GPS修改

*****************************************************************
Time: 2018/12/5 16:00:38

2018-12-05 16:00:38修改GPS表中的地址信息，根据GPS修改结束

*****************************************************************
Time: 2018/12/5 16:03:50

2018-12-05 16:03:50开始执行GPS计算里程开始

*****************************************************************
Time: 2018/12/5 16:03:53

2018-12-05 16:03:53执行GPS计算里程结束

*****************************************************************
Time: 2018/12/5 16:06:38

2018-12-05 16:06:38开始修改GPS表中的地址信息，根据GPS修改

*****************************************************************
Time: 2018/12/5 16:06:39

2018-12-05 16:06:39修改GPS表中的地址信息，根据GPS修改结束

*****************************************************************
Time: 2018/12/5 16:09:53

2018-12-05 16:09:53开始执行GPS计算里程开始

*****************************************************************
Time: 2018/12/5 16:09:56

2018-12-05 16:09:56执行GPS计算里程结束

*****************************************************************
Time: 2018/12/5 16:12:39

2018-12-05 16:12:39开始修改GPS表中的地址信息，根据GPS修改

*****************************************************************
Time: 2018/12/5 16:12:41

2018-12-05 16:12:41修改GPS表中的地址信息，根据GPS修改结束

*****************************************************************
Time: 2018/12/5 16:15:56

2018-12-05 16:15:56开始执行GPS计算里程开始

*****************************************************************
Time: 2018/12/5 16:15:59

2018-12-05 16:15:59执行GPS计算里程结束

*****************************************************************
Time: 2018/12/5 16:18:41

2018-12-05 16:18:41开始修改GPS表中的地址信息，根据GPS修改

*****************************************************************
Time: 2018/12/5 16:18:42

2018-12-05 16:18:42修改GPS表中的地址信息，根据GPS修改结束

*****************************************************************
Time: 2018/12/5 16:21:59

2018-12-05 16:21:59开始执行GPS计算里程开始

*****************************************************************
Time: 2018/12/5 16:22:02

2018-12-05 16:22:02执行GPS计算里程结束

*****************************************************************
Time: 2018/12/5 16:24:42

2018-12-05 16:24:42开始修改GPS表中的地址信息，根据GPS修改

*****************************************************************
Time: 2018/12/5 16:24:44

2018-12-05 16:24:44修改GPS表中的地址信息，根据GPS修改结束

*****************************************************************
Time: 2018/12/5 16:28:02

2018-12-05 16:28:02开始执行GPS计算里程开始

*****************************************************************
Time: 2018/12/5 16:28:05

2018-12-05 16:28:05执行GPS计算里程结束

*****************************************************************
Time: 2018/12/5 16:30:44

2018-12-05 16:30:44开始修改GPS表中的地址信息，根据GPS修改

*****************************************************************
Time: 2018/12/5 16:30:46

2018-12-05 16:30:46修改GPS表中的地址信息，根据GPS修改结束

*****************************************************************
Time: 2018/12/5 16:34:05

2018-12-05 16:34:05开始执行GPS计算里程开始

*****************************************************************
Time: 2018/12/5 16:34:08

2018-12-05 16:34:08执行GPS计算里程结束

*****************************************************************
Time: 2018/12/5 16:36:46

2018-12-05 16:36:46开始修改GPS表中的地址信息，根据GPS修改

*****************************************************************
Time: 2018/12/5 16:36:47

2018-12-05 16:36:47修改GPS表中的地址信息，根据GPS修改结束

*****************************************************************
Time: 2018/12/5 16:40:08

2018-12-05 16:40:08开始执行GPS计算里程开始

*****************************************************************
Time: 2018/12/5 16:40:11

2018-12-05 16:40:11执行GPS计算里程结束

*****************************************************************
Time: 2018/12/5 16:42:47

2018-12-05 16:42:47开始修改GPS表中的地址信息，根据GPS修改

*****************************************************************
Time: 2018/12/5 16:42:49

2018-12-05 16:42:49修改GPS表中的地址信息，根据GPS修改结束

*****************************************************************
Time: 2018/12/5 16:46:11

2018-12-05 16:46:11开始执行GPS计算里程开始

*****************************************************************
Time: 2018/12/5 16:46:14

2018-12-05 16:46:14执行GPS计算里程结束

*****************************************************************
Time: 2018/12/5 16:48:49

2018-12-05 16:48:49开始修改GPS表中的地址信息，根据GPS修改

*****************************************************************
Time: 2018/12/5 16:48:50

2018-12-05 16:48:50修改GPS表中的地址信息，根据GPS修改结束

*****************************************************************
Time: 2018/12/5 16:52:14

2018-12-05 16:52:14开始执行GPS计算里程开始

*****************************************************************
Time: 2018/12/5 16:52:17

2018-12-05 16:52:17执行GPS计算里程结束

*****************************************************************
Time: 2018/12/5 16:54:50

2018-12-05 16:54:50开始修改GPS表中的地址信息，根据GPS修改

*****************************************************************
Time: 2018/12/5 16:54:52

2018-12-05 16:54:52修改GPS表中的地址信息，根据GPS修改结束

*****************************************************************
Time: 2018/12/5 16:58:17

2018-12-05 16:58:17开始执行GPS计算里程开始

*****************************************************************
Time: 2018/12/5 16:58:20

2018-12-05 16:58:20执行GPS计算里程结束

*****************************************************************
Time: 2018/12/5 17:00:52

2018-12-05 17:00:52开始修改GPS表中的地址信息，根据GPS修改

*****************************************************************
Time: 2018/12/5 17:00:53

2018-12-05 17:00:53修改GPS表中的地址信息，根据GPS修改结束

*****************************************************************
Time: 2018/12/5 17:04:20

2018-12-05 17:04:20开始执行GPS计算里程开始

*****************************************************************
Time: 2018/12/5 17:04:23

2018-12-05 17:04:23执行GPS计算里程结束

*****************************************************************
Time: 2018/12/5 17:06:53

2018-12-05 17:06:53开始修改GPS表中的地址信息，根据GPS修改

*****************************************************************
Time: 2018/12/5 17:06:55

2018-12-05 17:06:55修改GPS表中的地址信息，根据GPS修改结束

*****************************************************************
Time: 2018/12/5 17:10:23

2018-12-05 17:10:23开始执行GPS计算里程开始

*****************************************************************
Time: 2018/12/5 17:10:26

2018-12-05 17:10:26执行GPS计算里程结束

*****************************************************************
Time: 2018/12/5 17:12:55

2018-12-05 17:12:55开始修改GPS表中的地址信息，根据GPS修改

*****************************************************************
Time: 2018/12/5 17:12:57

2018-12-05 17:12:57修改GPS表中的地址信息，根据GPS修改结束

*****************************************************************
Time: 2018/12/5 17:16:26

2018-12-05 17:16:26开始执行GPS计算里程开始

*****************************************************************
Time: 2018/12/5 17:16:29

2018-12-05 17:16:29执行GPS计算里程结束

*****************************************************************
Time: 2018/12/5 17:18:57

2018-12-05 17:18:57开始修改GPS表中的地址信息，根据GPS修改

*****************************************************************
Time: 2018/12/5 17:18:58

2018-12-05 17:18:58修改GPS表中的地址信息，根据GPS修改结束

*****************************************************************
Time: 2018/12/5 17:22:29

2018-12-05 17:22:29开始执行GPS计算里程开始

*****************************************************************
Time: 2018/12/5 17:22:32

2018-12-05 17:22:32执行GPS计算里程结束

*****************************************************************
Time: 2018/12/5 17:24:58

2018-12-05 17:24:58开始修改GPS表中的地址信息，根据GPS修改

*****************************************************************
Time: 2018/12/5 17:25:00

2018-12-05 17:25:00修改GPS表中的地址信息，根据GPS修改结束

*****************************************************************
Time: 2018/12/5 17:28:32

2018-12-05 17:28:32开始执行GPS计算里程开始

*****************************************************************
Time: 2018/12/5 17:28:35

2018-12-05 17:28:35执行GPS计算里程结束

*****************************************************************
Time: 2018/12/5 17:31:00

2018-12-05 17:31:00开始修改GPS表中的地址信息，根据GPS修改

*****************************************************************
Time: 2018/12/5 17:31:01

2018-12-05 17:31:01修改GPS表中的地址信息，根据GPS修改结束

*****************************************************************
Time: 2018/12/5 17:34:35

2018-12-05 17:34:35开始执行GPS计算里程开始

*****************************************************************
Time: 2018/12/5 17:34:38

2018-12-05 17:34:38执行GPS计算里程结束

*****************************************************************
