Time: 2019/1/2 16:40:19

2019-01-02 16:40:19开始执行GPS计算里程开始

*****************************************************************
Time: 2019/1/2 16:40:19

2019-01-02 16:40:19开始同步前一天的制动状态数据

*****************************************************************
Time: 2019/1/2 16:40:19

2019-01-02 16:40:19开始修改GPS表中的地址信息，根据GPS修改

*****************************************************************
Time: 2019/1/2 16:40:19

2019-01-02 16:40:19开始处理昨天的设备运行时间基础数据

*****************************************************************
Time: 2019/1/2 16:40:22

2019-01-02 16:40:22处理昨天的设备运行时间基础数据结束

*****************************************************************
Time: 2019/1/2 16:40:22

2019-01-02 16:40:22开始同步昨天的设备运行总时间与设备运行里程

*****************************************************************
Time: 2019/1/2 16:40:23

2019-01-02 16:40:23同步前一天的制动状态数据结束

*****************************************************************
Time: 2019/1/2 16:40:24

2019-01-02 16:40:24同步昨天的设备运行总时间与设备运行里程结束

*****************************************************************
Time: 2019/1/2 16:40:29

2019-01-02 16:40:29执行GPS计算里程结束

*****************************************************************
Time: 2019/1/2 16:43:07

2019-01-02 16:43:07修改GPS表中的地址信息，根据GPS修改结束

*****************************************************************
Time: 2019/1/2 16:46:29

2019-01-02 16:46:29开始执行GPS计算里程开始

*****************************************************************
Time: 2019/1/2 16:46:32

2019-01-02 16:46:32执行GPS计算里程结束

*****************************************************************
Time: 2019/1/2 16:49:07

2019-01-02 16:49:07开始修改GPS表中的地址信息，根据GPS修改

*****************************************************************
Time: 2019/1/2 16:49:09

2019-01-02 16:49:09修改GPS表中的地址信息，根据GPS修改结束

*****************************************************************
Time: 2019/1/2 16:52:32

2019-01-02 16:52:32开始执行GPS计算里程开始

*****************************************************************
Time: 2019/1/2 16:52:35

2019-01-02 16:52:35执行GPS计算里程结束

*****************************************************************
Time: 2019/1/2 16:55:09

2019-01-02 16:55:09开始修改GPS表中的地址信息，根据GPS修改

*****************************************************************
Time: 2019/1/2 16:55:10

2019-01-02 16:55:10修改GPS表中的地址信息，根据GPS修改结束

*****************************************************************
Time: 2019/1/2 16:58:35

2019-01-02 16:58:35开始执行GPS计算里程开始

*****************************************************************
Time: 2019/1/2 16:58:38

2019-01-02 16:58:38执行GPS计算里程结束

*****************************************************************
Time: 2019/1/2 17:01:10

2019-01-02 17:01:10开始修改GPS表中的地址信息，根据GPS修改

*****************************************************************
Time: 2019/1/2 17:01:12

2019-01-02 17:01:12修改GPS表中的地址信息，根据GPS修改结束

*****************************************************************
Time: 2019/1/2 17:04:38

2019-01-02 17:04:38开始执行GPS计算里程开始

*****************************************************************
Time: 2019/1/2 17:04:41

2019-01-02 17:04:41执行GPS计算里程结束

*****************************************************************
Time: 2019/1/2 17:07:12

2019-01-02 17:07:12开始修改GPS表中的地址信息，根据GPS修改

*****************************************************************
Time: 2019/1/2 17:07:13

2019-01-02 17:07:13修改GPS表中的地址信息，根据GPS修改结束

*****************************************************************
Time: 2019/1/2 17:10:41

2019-01-02 17:10:41开始执行GPS计算里程开始

*****************************************************************
Time: 2019/1/2 17:10:44

2019-01-02 17:10:44执行GPS计算里程结束

*****************************************************************
Time: 2019/1/2 17:13:13

2019-01-02 17:13:13开始修改GPS表中的地址信息，根据GPS修改

*****************************************************************
Time: 2019/1/2 17:13:15

2019-01-02 17:13:15修改GPS表中的地址信息，根据GPS修改结束

*****************************************************************
Time: 2019/1/2 17:16:44

2019-01-02 17:16:44开始执行GPS计算里程开始

*****************************************************************
Time: 2019/1/2 17:16:47

2019-01-02 17:16:47执行GPS计算里程结束

*****************************************************************
Time: 2019/1/2 17:19:15

2019-01-02 17:19:15开始修改GPS表中的地址信息，根据GPS修改

*****************************************************************
Time: 2019/1/2 17:19:16

2019-01-02 17:19:16修改GPS表中的地址信息，根据GPS修改结束

*****************************************************************
Time: 2019/1/2 17:22:47

2019-01-02 17:22:47开始执行GPS计算里程开始

*****************************************************************
Time: 2019/1/2 17:22:51

2019-01-02 17:22:51执行GPS计算里程结束

*****************************************************************
Time: 2019/1/2 17:25:16

2019-01-02 17:25:16开始修改GPS表中的地址信息，根据GPS修改

*****************************************************************
Time: 2019/1/2 17:25:18

2019-01-02 17:25:18修改GPS表中的地址信息，根据GPS修改结束

*****************************************************************
Time: 2019/1/2 17:28:51

2019-01-02 17:28:51开始执行GPS计算里程开始

*****************************************************************
Time: 2019/1/2 17:28:54

2019-01-02 17:28:54执行GPS计算里程结束

*****************************************************************
Time: 2019/1/2 17:31:18

2019-01-02 17:31:18开始修改GPS表中的地址信息，根据GPS修改

*****************************************************************
Time: 2019/1/2 17:31:19

2019-01-02 17:31:19修改GPS表中的地址信息，根据GPS修改结束

*****************************************************************
